{"numFailedTestSuites":1,"numFailedTests":0,"numPassedTestSuites":0,"numPassedTests":0,"numPendingTestSuites":0,"numPendingTests":0,"numRuntimeErrorTestSuites":1,"numTotalTestSuites":1,"numTotalTests":0,"openHandles":[],"snapshot":{"added":0,"didUpdate":false,"failure":false,"filesAdded":0,"filesRemoved":0,"filesUnmatched":0,"filesUpdated":0,"matched":0,"total":0,"unchecked":0,"uncheckedKeysByFile":[],"unmatched":0,"updated":0},"startTime":1556092876353,"success":false,"testResults":[{"assertionResults":[],"coverage":{},"endTime":1556092879961,"message":"  \u001b[1m● \u001b[22mTest suite failed to run\n\n    Cannot find module 'warnOnce' from 'react-native-implementation.js'\n\n      \u001b[2mat Resolver.resolveModule (\u001b[22m\u001b[0m\u001b[36m../../node_modules/jest-resolve/build/index.js\u001b[39m\u001b[0m\u001b[2m:221:17)\u001b[22m\n      \u001b[2mat Object.<anonymous> (\u001b[22m\u001b[0m\u001b[36mnode_modules/react-native/Libraries/react-native/react-native-implementation.js\u001b[39m\u001b[0m\u001b[2m:14:18)\u001b[22m\n","name":"/Users/evanbacon/Documents/GitHub/expo/apps/storybook/stories/storyshots.test.js","startTime":1556092879961,"status":"failed","summary":""}],"wasInterrupted":false}